{"C:\\Users\\Kristoffer John\\Desktop\\SerbisYou_UnitTest\\SerbisYou2-latestMarch26\\GlobalStyles.js": {"path":"C:\\Users\\Kristoffer John\\Desktop\\SerbisYou_UnitTest\\SerbisYou2-latestMarch26\\GlobalStyles.js","statementMap":{"0":{"start":{"line":2,"column":26},"end":{"line":33,"column":1}},"1":{"start":{"line":35,"column":24},"end":{"line":54,"column":1}},"2":{"start":{"line":56,"column":21},"end":{"line":161,"column":1}},"3":{"start":{"line":163,"column":23},"end":{"line":198,"column":1}},"4":{"start":{"line":200,"column":22},"end":{"line":222,"column":1}}},"fnMap":{},"branchMap":{},"s":{"0":8,"1":8,"2":8,"3":8,"4":8},"f":{},"b":{},"_coverageSchema":"1a1c01bbd47fc00a2c39e90264f33305004495a9","hash":"ba7b612afc3dc07df9f47888a27a92e916aa137d"}
,"C:\\Users\\Kristoffer John\\Desktop\\SerbisYou_UnitTest\\SerbisYou2-latestMarch26\\assets\\-icon-eye-empty.png": {"path":"C:\\Users\\Kristoffer John\\Desktop\\SerbisYou_UnitTest\\SerbisYou2-latestMarch26\\assets\\-icon-eye-empty.png","statementMap":{"0":{"start":{"line":1,"column":0},"end":{"line":1,"column":19}}},"fnMap":{},"branchMap":{},"s":{"0":1},"f":{},"b":{},"_coverageSchema":"1a1c01bbd47fc00a2c39e90264f33305004495a9","hash":"06eb0b613e4640397f025fd00cccdeeae46239e5"}
,"C:\\Users\\Kristoffer John\\Desktop\\SerbisYou_UnitTest\\SerbisYou2-latestMarch26\\assets\\SerbisYouLogo1.png": {"path":"C:\\Users\\Kristoffer John\\Desktop\\SerbisYou_UnitTest\\SerbisYou2-latestMarch26\\assets\\SerbisYouLogo1.png","statementMap":{"0":{"start":{"line":1,"column":0},"end":{"line":1,"column":19}}},"fnMap":{},"branchMap":{},"s":{"0":1},"f":{},"b":{},"_coverageSchema":"1a1c01bbd47fc00a2c39e90264f33305004495a9","hash":"c35da8f385158ac256b4de1d0a072266bc50b59a"}
,"C:\\Users\\Kristoffer John\\Desktop\\SerbisYou_UnitTest\\SerbisYou2-latestMarch26\\assets\\frame.png": {"path":"C:\\Users\\Kristoffer John\\Desktop\\SerbisYou_UnitTest\\SerbisYou2-latestMarch26\\assets\\frame.png","statementMap":{"0":{"start":{"line":1,"column":0},"end":{"line":1,"column":19}}},"fnMap":{},"branchMap":{},"s":{"0":1},"f":{},"b":{},"_coverageSchema":"1a1c01bbd47fc00a2c39e90264f33305004495a9","hash":"d24c5a521a5104056699aa53571c8458b5dd283f"}
,"C:\\Users\\Kristoffer John\\Desktop\\SerbisYou_UnitTest\\SerbisYou2-latestMarch26\\assets\\mask-group.png": {"path":"C:\\Users\\Kristoffer John\\Desktop\\SerbisYou_UnitTest\\SerbisYou2-latestMarch26\\assets\\mask-group.png","statementMap":{"0":{"start":{"line":1,"column":0},"end":{"line":1,"column":19}}},"fnMap":{},"branchMap":{},"s":{"0":1},"f":{},"b":{},"_coverageSchema":"1a1c01bbd47fc00a2c39e90264f33305004495a9","hash":"7b706bedf1ced607893cff763e64438ba72b4ba5"}
,"C:\\Users\\Kristoffer John\\Desktop\\SerbisYou_UnitTest\\SerbisYou2-latestMarch26\\assets\\mask-group1.png": {"path":"C:\\Users\\Kristoffer John\\Desktop\\SerbisYou_UnitTest\\SerbisYou2-latestMarch26\\assets\\mask-group1.png","statementMap":{"0":{"start":{"line":1,"column":0},"end":{"line":1,"column":19}}},"fnMap":{},"branchMap":{},"s":{"0":1},"f":{},"b":{},"_coverageSchema":"1a1c01bbd47fc00a2c39e90264f33305004495a9","hash":"0caf982642e2ff3e9fd40d3e1117f67c5751f635"}
,"C:\\Users\\Kristoffer John\\Desktop\\SerbisYou_UnitTest\\SerbisYou2-latestMarch26\\assets\\mask-group10.png": {"path":"C:\\Users\\Kristoffer John\\Desktop\\SerbisYou_UnitTest\\SerbisYou2-latestMarch26\\assets\\mask-group10.png","statementMap":{"0":{"start":{"line":1,"column":0},"end":{"line":1,"column":19}}},"fnMap":{},"branchMap":{},"s":{"0":1},"f":{},"b":{},"_coverageSchema":"1a1c01bbd47fc00a2c39e90264f33305004495a9","hash":"c11a1d07237cac2d9cd601cfcd94261dcf5c8d92"}
,"C:\\Users\\Kristoffer John\\Desktop\\SerbisYou_UnitTest\\SerbisYou2-latestMarch26\\assets\\mask-group11.png": {"path":"C:\\Users\\Kristoffer John\\Desktop\\SerbisYou_UnitTest\\SerbisYou2-latestMarch26\\assets\\mask-group11.png","statementMap":{"0":{"start":{"line":1,"column":0},"end":{"line":1,"column":19}}},"fnMap":{},"branchMap":{},"s":{"0":1},"f":{},"b":{},"_coverageSchema":"1a1c01bbd47fc00a2c39e90264f33305004495a9","hash":"3747f96c376cea22654c885f6d1ec8a381910b19"}
,"C:\\Users\\Kristoffer John\\Desktop\\SerbisYou_UnitTest\\SerbisYou2-latestMarch26\\assets\\mask-group12.png": {"path":"C:\\Users\\Kristoffer John\\Desktop\\SerbisYou_UnitTest\\SerbisYou2-latestMarch26\\assets\\mask-group12.png","statementMap":{"0":{"start":{"line":1,"column":0},"end":{"line":1,"column":19}}},"fnMap":{},"branchMap":{},"s":{"0":1},"f":{},"b":{},"_coverageSchema":"1a1c01bbd47fc00a2c39e90264f33305004495a9","hash":"3b8992a1df468cfd6edcbb24a6d2b019a5316948"}
,"C:\\Users\\Kristoffer John\\Desktop\\SerbisYou_UnitTest\\SerbisYou2-latestMarch26\\assets\\mask-group13.png": {"path":"C:\\Users\\Kristoffer John\\Desktop\\SerbisYou_UnitTest\\SerbisYou2-latestMarch26\\assets\\mask-group13.png","statementMap":{"0":{"start":{"line":1,"column":0},"end":{"line":1,"column":19}}},"fnMap":{},"branchMap":{},"s":{"0":1},"f":{},"b":{},"_coverageSchema":"1a1c01bbd47fc00a2c39e90264f33305004495a9","hash":"c4eb8f835e0f25b39684304dd214e347cef91c3c"}
,"C:\\Users\\Kristoffer John\\Desktop\\SerbisYou_UnitTest\\SerbisYou2-latestMarch26\\assets\\mask-group14.png": {"path":"C:\\Users\\Kristoffer John\\Desktop\\SerbisYou_UnitTest\\SerbisYou2-latestMarch26\\assets\\mask-group14.png","statementMap":{"0":{"start":{"line":1,"column":0},"end":{"line":1,"column":19}}},"fnMap":{},"branchMap":{},"s":{"0":1},"f":{},"b":{},"_coverageSchema":"1a1c01bbd47fc00a2c39e90264f33305004495a9","hash":"669a1faa5611a5e1573432026fc371ffa6af66fe"}
,"C:\\Users\\Kristoffer John\\Desktop\\SerbisYou_UnitTest\\SerbisYou2-latestMarch26\\assets\\mask-group15.png": {"path":"C:\\Users\\Kristoffer John\\Desktop\\SerbisYou_UnitTest\\SerbisYou2-latestMarch26\\assets\\mask-group15.png","statementMap":{"0":{"start":{"line":1,"column":0},"end":{"line":1,"column":19}}},"fnMap":{},"branchMap":{},"s":{"0":1},"f":{},"b":{},"_coverageSchema":"1a1c01bbd47fc00a2c39e90264f33305004495a9","hash":"86398df9b7fb53a35ed06dc6a23b163eec24a845"}
,"C:\\Users\\Kristoffer John\\Desktop\\SerbisYou_UnitTest\\SerbisYou2-latestMarch26\\assets\\mask-group16.png": {"path":"C:\\Users\\Kristoffer John\\Desktop\\SerbisYou_UnitTest\\SerbisYou2-latestMarch26\\assets\\mask-group16.png","statementMap":{"0":{"start":{"line":1,"column":0},"end":{"line":1,"column":19}}},"fnMap":{},"branchMap":{},"s":{"0":1},"f":{},"b":{},"_coverageSchema":"1a1c01bbd47fc00a2c39e90264f33305004495a9","hash":"4010768e8d1b417e6de69b8f1165b5691bfa35dc"}
,"C:\\Users\\Kristoffer John\\Desktop\\SerbisYou_UnitTest\\SerbisYou2-latestMarch26\\assets\\mask-group17.png": {"path":"C:\\Users\\Kristoffer John\\Desktop\\SerbisYou_UnitTest\\SerbisYou2-latestMarch26\\assets\\mask-group17.png","statementMap":{"0":{"start":{"line":1,"column":0},"end":{"line":1,"column":19}}},"fnMap":{},"branchMap":{},"s":{"0":1},"f":{},"b":{},"_coverageSchema":"1a1c01bbd47fc00a2c39e90264f33305004495a9","hash":"10aa8f0ed475e956b1d83883a97eccdff191d186"}
,"C:\\Users\\Kristoffer John\\Desktop\\SerbisYou_UnitTest\\SerbisYou2-latestMarch26\\assets\\mask-group2.png": {"path":"C:\\Users\\Kristoffer John\\Desktop\\SerbisYou_UnitTest\\SerbisYou2-latestMarch26\\assets\\mask-group2.png","statementMap":{"0":{"start":{"line":1,"column":0},"end":{"line":1,"column":19}}},"fnMap":{},"branchMap":{},"s":{"0":1},"f":{},"b":{},"_coverageSchema":"1a1c01bbd47fc00a2c39e90264f33305004495a9","hash":"5cae7bbd8e2e372afa24660dafeff4b3f57927ea"}
,"C:\\Users\\Kristoffer John\\Desktop\\SerbisYou_UnitTest\\SerbisYou2-latestMarch26\\assets\\mask-group3.png": {"path":"C:\\Users\\Kristoffer John\\Desktop\\SerbisYou_UnitTest\\SerbisYou2-latestMarch26\\assets\\mask-group3.png","statementMap":{"0":{"start":{"line":1,"column":0},"end":{"line":1,"column":19}}},"fnMap":{},"branchMap":{},"s":{"0":1},"f":{},"b":{},"_coverageSchema":"1a1c01bbd47fc00a2c39e90264f33305004495a9","hash":"8165b8aa5afbbcdf914f1ed48eaee6dfd6260cbc"}
,"C:\\Users\\Kristoffer John\\Desktop\\SerbisYou_UnitTest\\SerbisYou2-latestMarch26\\assets\\mask-group4.png": {"path":"C:\\Users\\Kristoffer John\\Desktop\\SerbisYou_UnitTest\\SerbisYou2-latestMarch26\\assets\\mask-group4.png","statementMap":{"0":{"start":{"line":1,"column":0},"end":{"line":1,"column":19}}},"fnMap":{},"branchMap":{},"s":{"0":1},"f":{},"b":{},"_coverageSchema":"1a1c01bbd47fc00a2c39e90264f33305004495a9","hash":"4e972d4cb33c7025460c84fbf54c3d407f40c81b"}
,"C:\\Users\\Kristoffer John\\Desktop\\SerbisYou_UnitTest\\SerbisYou2-latestMarch26\\assets\\mask-group5.png": {"path":"C:\\Users\\Kristoffer John\\Desktop\\SerbisYou_UnitTest\\SerbisYou2-latestMarch26\\assets\\mask-group5.png","statementMap":{"0":{"start":{"line":1,"column":0},"end":{"line":1,"column":19}}},"fnMap":{},"branchMap":{},"s":{"0":1},"f":{},"b":{},"_coverageSchema":"1a1c01bbd47fc00a2c39e90264f33305004495a9","hash":"1621ed375f127765cdbad25cf87c6fe9466afdb2"}
,"C:\\Users\\Kristoffer John\\Desktop\\SerbisYou_UnitTest\\SerbisYou2-latestMarch26\\assets\\mask-group6.png": {"path":"C:\\Users\\Kristoffer John\\Desktop\\SerbisYou_UnitTest\\SerbisYou2-latestMarch26\\assets\\mask-group6.png","statementMap":{"0":{"start":{"line":1,"column":0},"end":{"line":1,"column":19}}},"fnMap":{},"branchMap":{},"s":{"0":1},"f":{},"b":{},"_coverageSchema":"1a1c01bbd47fc00a2c39e90264f33305004495a9","hash":"6fa2de7c1b374c115794b6e29dda8ac59f4b12ef"}
,"C:\\Users\\Kristoffer John\\Desktop\\SerbisYou_UnitTest\\SerbisYou2-latestMarch26\\assets\\mask-group7.png": {"path":"C:\\Users\\Kristoffer John\\Desktop\\SerbisYou_UnitTest\\SerbisYou2-latestMarch26\\assets\\mask-group7.png","statementMap":{"0":{"start":{"line":1,"column":0},"end":{"line":1,"column":19}}},"fnMap":{},"branchMap":{},"s":{"0":1},"f":{},"b":{},"_coverageSchema":"1a1c01bbd47fc00a2c39e90264f33305004495a9","hash":"df8f6e5c1c7a39a53cdf47ee84ccdbcb19f60d29"}
,"C:\\Users\\Kristoffer John\\Desktop\\SerbisYou_UnitTest\\SerbisYou2-latestMarch26\\assets\\mask-group8.png": {"path":"C:\\Users\\Kristoffer John\\Desktop\\SerbisYou_UnitTest\\SerbisYou2-latestMarch26\\assets\\mask-group8.png","statementMap":{"0":{"start":{"line":1,"column":0},"end":{"line":1,"column":19}}},"fnMap":{},"branchMap":{},"s":{"0":1},"f":{},"b":{},"_coverageSchema":"1a1c01bbd47fc00a2c39e90264f33305004495a9","hash":"767f46298d43d7bc9e9869c6530cf62d410e4b0e"}
,"C:\\Users\\Kristoffer John\\Desktop\\SerbisYou_UnitTest\\SerbisYou2-latestMarch26\\assets\\mask-group9.png": {"path":"C:\\Users\\Kristoffer John\\Desktop\\SerbisYou_UnitTest\\SerbisYou2-latestMarch26\\assets\\mask-group9.png","statementMap":{"0":{"start":{"line":1,"column":0},"end":{"line":1,"column":19}}},"fnMap":{},"branchMap":{},"s":{"0":1},"f":{},"b":{},"_coverageSchema":"1a1c01bbd47fc00a2c39e90264f33305004495a9","hash":"42495b766701173726b1a307230a3870cd3ad296"}
,"C:\\Users\\Kristoffer John\\Desktop\\SerbisYou_UnitTest\\SerbisYou2-latestMarch26\\assets\\ui-iconlistfilled.png": {"path":"C:\\Users\\Kristoffer John\\Desktop\\SerbisYou_UnitTest\\SerbisYou2-latestMarch26\\assets\\ui-iconlistfilled.png","statementMap":{"0":{"start":{"line":1,"column":0},"end":{"line":1,"column":19}}},"fnMap":{},"branchMap":{},"s":{"0":6},"f":{},"b":{},"_coverageSchema":"1a1c01bbd47fc00a2c39e90264f33305004495a9","hash":"597502a1972a982c20fcaafd0834a1b21b1daeb9"}
,"C:\\Users\\Kristoffer John\\Desktop\\SerbisYou_UnitTest\\SerbisYou2-latestMarch26\\screens\\CarpentrySubcategory.js": {"path":"C:\\Users\\Kristoffer John\\Desktop\\SerbisYou_UnitTest\\SerbisYou2-latestMarch26\\screens\\CarpentrySubcategory.js","statementMap":{"0":{"start":{"line":16,"column":29},"end":{"line":183,"column":1}},"1":{"start":{"line":17,"column":21},"end":{"line":17,"column":36}},"2":{"start":{"line":19,"column":2},"end":{"line":182,"column":4}},"3":{"start":{"line":63,"column":18},"end":{"line":63,"column":69}},"4":{"start":{"line":104,"column":18},"end":{"line":104,"column":68}},"5":{"start":{"line":145,"column":18},"end":{"line":145,"column":69}},"6":{"start":{"line":185,"column":15},"end":{"line":362,"column":2}}},"fnMap":{"0":{"name":"(anonymous_0)","decl":{"start":{"line":16,"column":29},"end":{"line":16,"column":30}},"loc":{"start":{"line":16,"column":35},"end":{"line":183,"column":1}},"line":16},"1":{"name":"(anonymous_1)","decl":{"start":{"line":62,"column":25},"end":{"line":62,"column":26}},"loc":{"start":{"line":63,"column":18},"end":{"line":63,"column":69}},"line":63},"2":{"name":"(anonymous_2)","decl":{"start":{"line":103,"column":25},"end":{"line":103,"column":26}},"loc":{"start":{"line":104,"column":18},"end":{"line":104,"column":68}},"line":104},"3":{"name":"(anonymous_3)","decl":{"start":{"line":144,"column":25},"end":{"line":144,"column":26}},"loc":{"start":{"line":145,"column":18},"end":{"line":145,"column":69}},"line":145}},"branchMap":{},"s":{"0":1,"1":5,"2":5,"3":1,"4":1,"5":1,"6":1},"f":{"0":5,"1":1,"2":1,"3":1},"b":{},"_coverageSchema":"1a1c01bbd47fc00a2c39e90264f33305004495a9","hash":"f365244b067d474673b0538217c3a357cb428c2f"}
,"C:\\Users\\Kristoffer John\\Desktop\\SerbisYou_UnitTest\\SerbisYou2-latestMarch26\\screens\\CleaningSubcategory.js": {"path":"C:\\Users\\Kristoffer John\\Desktop\\SerbisYou_UnitTest\\SerbisYou2-latestMarch26\\screens\\CleaningSubcategory.js","statementMap":{"0":{"start":{"line":16,"column":28},"end":{"line":227,"column":1}},"1":{"start":{"line":17,"column":21},"end":{"line":17,"column":36}},"2":{"start":{"line":19,"column":2},"end":{"line":226,"column":4}},"3":{"start":{"line":60,"column":18},"end":{"line":60,"column":68}},"4":{"start":{"line":102,"column":31},"end":{"line":102,"column":77}},"5":{"start":{"line":144,"column":18},"end":{"line":144,"column":68}},"6":{"start":{"line":186,"column":31},"end":{"line":186,"column":76}},"7":{"start":{"line":229,"column":15},"end":{"line":406,"column":2}}},"fnMap":{"0":{"name":"(anonymous_0)","decl":{"start":{"line":16,"column":28},"end":{"line":16,"column":29}},"loc":{"start":{"line":16,"column":34},"end":{"line":227,"column":1}},"line":16},"1":{"name":"(anonymous_1)","decl":{"start":{"line":59,"column":25},"end":{"line":59,"column":26}},"loc":{"start":{"line":60,"column":18},"end":{"line":60,"column":68}},"line":60},"2":{"name":"(anonymous_2)","decl":{"start":{"line":102,"column":25},"end":{"line":102,"column":26}},"loc":{"start":{"line":102,"column":31},"end":{"line":102,"column":77}},"line":102},"3":{"name":"(anonymous_3)","decl":{"start":{"line":143,"column":25},"end":{"line":143,"column":26}},"loc":{"start":{"line":144,"column":18},"end":{"line":144,"column":68}},"line":144},"4":{"name":"(anonymous_4)","decl":{"start":{"line":186,"column":25},"end":{"line":186,"column":26}},"loc":{"start":{"line":186,"column":31},"end":{"line":186,"column":76}},"line":186}},"branchMap":{},"s":{"0":1,"1":6,"2":6,"3":1,"4":1,"5":1,"6":1,"7":1},"f":{"0":6,"1":1,"2":1,"3":1,"4":1},"b":{},"_coverageSchema":"1a1c01bbd47fc00a2c39e90264f33305004495a9","hash":"a3e242a982b804e7a3e7afc110769da3ed0e8dcc"}
,"C:\\Users\\Kristoffer John\\Desktop\\SerbisYou_UnitTest\\SerbisYou2-latestMarch26\\screens\\ElectricalSubcategory.js": {"path":"C:\\Users\\Kristoffer John\\Desktop\\SerbisYou_UnitTest\\SerbisYou2-latestMarch26\\screens\\ElectricalSubcategory.js","statementMap":{"0":{"start":{"line":16,"column":30},"end":{"line":146,"column":1}},"1":{"start":{"line":17,"column":21},"end":{"line":17,"column":36}},"2":{"start":{"line":19,"column":2},"end":{"line":145,"column":4}},"3":{"start":{"line":63,"column":18},"end":{"line":63,"column":69}},"4":{"start":{"line":106,"column":18},"end":{"line":106,"column":69}},"5":{"start":{"line":148,"column":15},"end":{"line":325,"column":2}}},"fnMap":{"0":{"name":"(anonymous_0)","decl":{"start":{"line":16,"column":30},"end":{"line":16,"column":31}},"loc":{"start":{"line":16,"column":36},"end":{"line":146,"column":1}},"line":16},"1":{"name":"(anonymous_1)","decl":{"start":{"line":62,"column":25},"end":{"line":62,"column":26}},"loc":{"start":{"line":63,"column":18},"end":{"line":63,"column":69}},"line":63},"2":{"name":"(anonymous_2)","decl":{"start":{"line":105,"column":25},"end":{"line":105,"column":26}},"loc":{"start":{"line":106,"column":18},"end":{"line":106,"column":69}},"line":106}},"branchMap":{},"s":{"0":1,"1":4,"2":4,"3":1,"4":1,"5":1},"f":{"0":4,"1":1,"2":1},"b":{},"_coverageSchema":"1a1c01bbd47fc00a2c39e90264f33305004495a9","hash":"0d1f6cb0b802ae45c33b72345e8fbc42b0574d42"}
,"C:\\Users\\Kristoffer John\\Desktop\\SerbisYou_UnitTest\\SerbisYou2-latestMarch26\\screens\\GardeningSubcategory.js": {"path":"C:\\Users\\Kristoffer John\\Desktop\\SerbisYou_UnitTest\\SerbisYou2-latestMarch26\\screens\\GardeningSubcategory.js","statementMap":{"0":{"start":{"line":16,"column":29},"end":{"line":227,"column":1}},"1":{"start":{"line":17,"column":21},"end":{"line":17,"column":36}},"2":{"start":{"line":19,"column":2},"end":{"line":226,"column":4}},"3":{"start":{"line":60,"column":18},"end":{"line":60,"column":69}},"4":{"start":{"line":103,"column":18},"end":{"line":103,"column":67}},"5":{"start":{"line":146,"column":18},"end":{"line":146,"column":68}},"6":{"start":{"line":188,"column":31},"end":{"line":188,"column":79}},"7":{"start":{"line":229,"column":15},"end":{"line":407,"column":2}}},"fnMap":{"0":{"name":"(anonymous_0)","decl":{"start":{"line":16,"column":29},"end":{"line":16,"column":30}},"loc":{"start":{"line":16,"column":35},"end":{"line":227,"column":1}},"line":16},"1":{"name":"(anonymous_1)","decl":{"start":{"line":59,"column":25},"end":{"line":59,"column":26}},"loc":{"start":{"line":60,"column":18},"end":{"line":60,"column":69}},"line":60},"2":{"name":"(anonymous_2)","decl":{"start":{"line":102,"column":25},"end":{"line":102,"column":26}},"loc":{"start":{"line":103,"column":18},"end":{"line":103,"column":67}},"line":103},"3":{"name":"(anonymous_3)","decl":{"start":{"line":145,"column":25},"end":{"line":145,"column":26}},"loc":{"start":{"line":146,"column":18},"end":{"line":146,"column":68}},"line":146},"4":{"name":"(anonymous_4)","decl":{"start":{"line":188,"column":25},"end":{"line":188,"column":26}},"loc":{"start":{"line":188,"column":31},"end":{"line":188,"column":79}},"line":188}},"branchMap":{},"s":{"0":1,"1":6,"2":6,"3":1,"4":1,"5":1,"6":1,"7":1},"f":{"0":6,"1":1,"2":1,"3":1,"4":1},"b":{},"_coverageSchema":"1a1c01bbd47fc00a2c39e90264f33305004495a9","hash":"02044526e4a66233780fc1e4cb698b18e3d1f6a9"}
,"C:\\Users\\Kristoffer John\\Desktop\\SerbisYou_UnitTest\\SerbisYou2-latestMarch26\\screens\\PetCareSubcategory.js": {"path":"C:\\Users\\Kristoffer John\\Desktop\\SerbisYou_UnitTest\\SerbisYou2-latestMarch26\\screens\\PetCareSubcategory.js","statementMap":{"0":{"start":{"line":16,"column":27},"end":{"line":176,"column":1}},"1":{"start":{"line":17,"column":21},"end":{"line":17,"column":36}},"2":{"start":{"line":19,"column":2},"end":{"line":175,"column":4}},"3":{"start":{"line":60,"column":18},"end":{"line":60,"column":67}},"4":{"start":{"line":100,"column":31},"end":{"line":100,"column":79}},"5":{"start":{"line":139,"column":31},"end":{"line":139,"column":78}},"6":{"start":{"line":178,"column":15},"end":{"line":355,"column":2}}},"fnMap":{"0":{"name":"(anonymous_0)","decl":{"start":{"line":16,"column":27},"end":{"line":16,"column":28}},"loc":{"start":{"line":16,"column":33},"end":{"line":176,"column":1}},"line":16},"1":{"name":"(anonymous_1)","decl":{"start":{"line":59,"column":25},"end":{"line":59,"column":26}},"loc":{"start":{"line":60,"column":18},"end":{"line":60,"column":67}},"line":60},"2":{"name":"(anonymous_2)","decl":{"start":{"line":100,"column":25},"end":{"line":100,"column":26}},"loc":{"start":{"line":100,"column":31},"end":{"line":100,"column":79}},"line":100},"3":{"name":"(anonymous_3)","decl":{"start":{"line":139,"column":25},"end":{"line":139,"column":26}},"loc":{"start":{"line":139,"column":31},"end":{"line":139,"column":78}},"line":139}},"branchMap":{},"s":{"0":1,"1":5,"2":5,"3":1,"4":1,"5":1,"6":1},"f":{"0":5,"1":1,"2":1,"3":1},"b":{},"_coverageSchema":"1a1c01bbd47fc00a2c39e90264f33305004495a9","hash":"1735a7bd5abcb361f7ed81d34bd848f814412120"}
,"C:\\Users\\Kristoffer John\\Desktop\\SerbisYou_UnitTest\\SerbisYou2-latestMarch26\\screens\\PlumbingSubcategory.js": {"path":"C:\\Users\\Kristoffer John\\Desktop\\SerbisYou_UnitTest\\SerbisYou2-latestMarch26\\screens\\PlumbingSubcategory.js","statementMap":{"0":{"start":{"line":16,"column":28},"end":{"line":142,"column":1}},"1":{"start":{"line":17,"column":21},"end":{"line":17,"column":36}},"2":{"start":{"line":19,"column":2},"end":{"line":141,"column":4}},"3":{"start":{"line":63,"column":18},"end":{"line":63,"column":69}},"4":{"start":{"line":104,"column":18},"end":{"line":104,"column":67}},"5":{"start":{"line":144,"column":15},"end":{"line":321,"column":2}}},"fnMap":{"0":{"name":"(anonymous_0)","decl":{"start":{"line":16,"column":28},"end":{"line":16,"column":29}},"loc":{"start":{"line":16,"column":34},"end":{"line":142,"column":1}},"line":16},"1":{"name":"(anonymous_1)","decl":{"start":{"line":62,"column":25},"end":{"line":62,"column":26}},"loc":{"start":{"line":63,"column":18},"end":{"line":63,"column":69}},"line":63},"2":{"name":"(anonymous_2)","decl":{"start":{"line":103,"column":25},"end":{"line":103,"column":26}},"loc":{"start":{"line":104,"column":18},"end":{"line":104,"column":67}},"line":104}},"branchMap":{},"s":{"0":1,"1":4,"2":4,"3":1,"4":1,"5":1},"f":{"0":4,"1":1,"2":1},"b":{},"_coverageSchema":"1a1c01bbd47fc00a2c39e90264f33305004495a9","hash":"f1d80a72efbc5a5024d221d362bed95b987bc764"}
,"C:\\Users\\Kristoffer John\\Desktop\\SerbisYou_UnitTest\\SerbisYou2-latestMarch26\\screens\\SignIn.js": {"path":"C:\\Users\\Kristoffer John\\Desktop\\SerbisYou_UnitTest\\SerbisYou2-latestMarch26\\screens\\SignIn.js","statementMap":{"0":{"start":{"line":21,"column":15},"end":{"line":241,"column":1}},"1":{"start":{"line":22,"column":28},"end":{"line":22,"column":40}},"2":{"start":{"line":23,"column":34},"end":{"line":23,"column":46}},"3":{"start":{"line":24,"column":21},"end":{"line":24,"column":36}},"4":{"start":{"line":25,"column":15},"end":{"line":25,"column":24}},"5":{"start":{"line":27,"column":42},"end":{"line":27,"column":57}},"6":{"start":{"line":29,"column":35},"end":{"line":31,"column":3}},"7":{"start":{"line":30,"column":4},"end":{"line":30,"column":35}},"8":{"start":{"line":33,"column":24},"end":{"line":35,"column":46}},"9":{"start":{"line":37,"column":23},"end":{"line":103,"column":3}},"10":{"start":{"line":39,"column":4},"end":{"line":102,"column":9}},"11":{"start":{"line":44,"column":21},"end":{"line":44,"column":40}},"12":{"start":{"line":45,"column":19},"end":{"line":45,"column":33}},"13":{"start":{"line":46,"column":36},"end":{"line":46,"column":69}},"14":{"start":{"line":48,"column":8},"end":{"line":48,"column":57}},"15":{"start":{"line":50,"column":8},"end":{"line":88,"column":9}},"16":{"start":{"line":51,"column":30},"end":{"line":51,"column":63}},"17":{"start":{"line":52,"column":10},"end":{"line":78,"column":11}},"18":{"start":{"line":53,"column":40},"end":{"line":53,"column":58}},"19":{"start":{"line":55,"column":12},"end":{"line":55,"column":42}},"20":{"start":{"line":56,"column":12},"end":{"line":62,"column":15}},"21":{"start":{"line":63,"column":12},"end":{"line":63,"column":62}},"22":{"start":{"line":64,"column":12},"end":{"line":64,"column":68}},"23":{"start":{"line":65,"column":12},"end":{"line":65,"column":62}},"24":{"start":{"line":67,"column":12},"end":{"line":67,"column":74}},"25":{"start":{"line":72,"column":12},"end":{"line":77,"column":15}},"26":{"start":{"line":81,"column":10},"end":{"line":87,"column":13}},"27":{"start":{"line":92,"column":26},"end":{"line":92,"column":36}},"28":{"start":{"line":93,"column":29},"end":{"line":93,"column":42}},"29":{"start":{"line":95,"column":8},"end":{"line":101,"column":11}},"30":{"start":{"line":104,"column":2},"end":{"line":240,"column":4}},"31":{"start":{"line":145,"column":52},"end":{"line":145,"column":66}},"32":{"start":{"line":169,"column":56},"end":{"line":169,"column":73}},"33":{"start":{"line":193,"column":26},"end":{"line":193,"column":76}},"34":{"start":{"line":221,"column":41},"end":{"line":221,"column":70}},"35":{"start":{"line":243,"column":15},"end":{"line":508,"column":2}}},"fnMap":{"0":{"name":"(anonymous_0)","decl":{"start":{"line":21,"column":15},"end":{"line":21,"column":16}},"loc":{"start":{"line":21,"column":21},"end":{"line":241,"column":1}},"line":21},"1":{"name":"(anonymous_1)","decl":{"start":{"line":29,"column":35},"end":{"line":29,"column":36}},"loc":{"start":{"line":29,"column":41},"end":{"line":31,"column":3}},"line":29},"2":{"name":"(anonymous_2)","decl":{"start":{"line":37,"column":23},"end":{"line":37,"column":24}},"loc":{"start":{"line":37,"column":29},"end":{"line":103,"column":3}},"line":37},"3":{"name":"(anonymous_3)","decl":{"start":{"line":40,"column":12},"end":{"line":40,"column":13}},"loc":{"start":{"line":40,"column":38},"end":{"line":89,"column":7}},"line":40},"4":{"name":"(anonymous_4)","decl":{"start":{"line":90,"column":13},"end":{"line":90,"column":14}},"loc":{"start":{"line":90,"column":24},"end":{"line":102,"column":7}},"line":90},"5":{"name":"(anonymous_5)","decl":{"start":{"line":145,"column":42},"end":{"line":145,"column":43}},"loc":{"start":{"line":145,"column":52},"end":{"line":145,"column":66}},"line":145},"6":{"name":"(anonymous_6)","decl":{"start":{"line":169,"column":46},"end":{"line":169,"column":47}},"loc":{"start":{"line":169,"column":56},"end":{"line":169,"column":73}},"line":169},"7":{"name":"(anonymous_7)","decl":{"start":{"line":192,"column":33},"end":{"line":192,"column":34}},"loc":{"start":{"line":193,"column":26},"end":{"line":193,"column":76}},"line":193},"8":{"name":"(anonymous_8)","decl":{"start":{"line":221,"column":35},"end":{"line":221,"column":36}},"loc":{"start":{"line":221,"column":41},"end":{"line":221,"column":70}},"line":221}},"branchMap":{"0":{"loc":{"start":{"line":33,"column":24},"end":{"line":35,"column":46}},"type":"cond-expr","locations":[{"start":{"line":34,"column":6},"end":{"line":34,"column":40}},{"start":{"line":35,"column":6},"end":{"line":35,"column":46}}],"line":33},"1":{"loc":{"start":{"line":52,"column":10},"end":{"line":78,"column":11}},"type":"if","locations":[{"start":{"line":52,"column":10},"end":{"line":78,"column":11}},{"start":{"line":68,"column":17},"end":{"line":78,"column":11}}],"line":52}},"s":{"0":1,"1":18,"2":18,"3":18,"4":18,"5":18,"6":18,"7":0,"8":18,"9":18,"10":3,"11":1,"12":1,"13":1,"14":1,"15":1,"16":1,"17":1,"18":1,"19":1,"20":1,"21":1,"22":1,"23":1,"24":1,"25":0,"26":1,"27":2,"28":2,"29":2,"30":18,"31":5,"32":3,"33":0,"34":0,"35":1},"f":{"0":18,"1":0,"2":3,"3":1,"4":2,"5":5,"6":3,"7":0,"8":0},"b":{"0":[0,18],"1":[1,0]},"_coverageSchema":"1a1c01bbd47fc00a2c39e90264f33305004495a9","hash":"8da253b9c67d0f4d5bbae0dcbd7787b3bdbe42dc"}
,"C:\\Users\\Kristoffer John\\Desktop\\SerbisYou_UnitTest\\SerbisYou2-latestMarch26\\screens\\Splash.js": {"path":"C:\\Users\\Kristoffer John\\Desktop\\SerbisYou_UnitTest\\SerbisYou2-latestMarch26\\screens\\Splash.js","statementMap":{"0":{"start":{"line":6,"column":15},"end":{"line":6,"column":45}},"1":{"start":{"line":8,"column":15},"end":{"line":23,"column":1}},"2":{"start":{"line":9,"column":2},"end":{"line":22,"column":4}},"3":{"start":{"line":25,"column":15},"end":{"line":68,"column":2}}},"fnMap":{"0":{"name":"(anonymous_0)","decl":{"start":{"line":8,"column":15},"end":{"line":8,"column":16}},"loc":{"start":{"line":8,"column":21},"end":{"line":23,"column":1}},"line":8}},"branchMap":{},"s":{"0":1,"1":1,"2":3,"3":1},"f":{"0":3},"b":{},"_coverageSchema":"1a1c01bbd47fc00a2c39e90264f33305004495a9","hash":"47790a5a69d5181f71768bf54fbe2efa46c5fe32"}
}
