TN:
SF:GlobalStyles.js
FNF:0
FNH:0
DA:2,8
DA:35,8
DA:56,8
DA:163,8
DA:200,8
LF:5
LH:5
BRF:0
BRH:0
end_of_record
TN:
SF:assets\-icon-eye-empty.png
FNF:0
FNH:0
DA:1,1
LF:1
LH:1
BRF:0
BRH:0
end_of_record
TN:
SF:assets\SerbisYouLogo1.png
FNF:0
FNH:0
DA:1,1
LF:1
LH:1
BRF:0
BRH:0
end_of_record
TN:
SF:assets\frame.png
FNF:0
FNH:0
DA:1,1
LF:1
LH:1
BRF:0
BRH:0
end_of_record
TN:
SF:assets\mask-group.png
FNF:0
FNH:0
DA:1,1
LF:1
LH:1
BRF:0
BRH:0
end_of_record
TN:
SF:assets\mask-group1.png
FNF:0
FNH:0
DA:1,1
LF:1
LH:1
BRF:0
BRH:0
end_of_record
TN:
SF:assets\mask-group10.png
FNF:0
FNH:0
DA:1,1
LF:1
LH:1
BRF:0
BRH:0
end_of_record
TN:
SF:assets\mask-group11.png
FNF:0
FNH:0
DA:1,1
LF:1
LH:1
BRF:0
BRH:0
end_of_record
TN:
SF:assets\mask-group12.png
FNF:0
FNH:0
DA:1,1
LF:1
LH:1
BRF:0
BRH:0
end_of_record
TN:
SF:assets\mask-group13.png
FNF:0
FNH:0
DA:1,1
LF:1
LH:1
BRF:0
BRH:0
end_of_record
TN:
SF:assets\mask-group14.png
FNF:0
FNH:0
DA:1,1
LF:1
LH:1
BRF:0
BRH:0
end_of_record
TN:
SF:assets\mask-group15.png
FNF:0
FNH:0
DA:1,1
LF:1
LH:1
BRF:0
BRH:0
end_of_record
TN:
SF:assets\mask-group16.png
FNF:0
FNH:0
DA:1,1
LF:1
LH:1
BRF:0
BRH:0
end_of_record
TN:
SF:assets\mask-group17.png
FNF:0
FNH:0
DA:1,1
LF:1
LH:1
BRF:0
BRH:0
end_of_record
TN:
SF:assets\mask-group2.png
FNF:0
FNH:0
DA:1,1
LF:1
LH:1
BRF:0
BRH:0
end_of_record
TN:
SF:assets\mask-group3.png
FNF:0
FNH:0
DA:1,1
LF:1
LH:1
BRF:0
BRH:0
end_of_record
TN:
SF:assets\mask-group4.png
FNF:0
FNH:0
DA:1,1
LF:1
LH:1
BRF:0
BRH:0
end_of_record
TN:
SF:assets\mask-group5.png
FNF:0
FNH:0
DA:1,1
LF:1
LH:1
BRF:0
BRH:0
end_of_record
TN:
SF:assets\mask-group6.png
FNF:0
FNH:0
DA:1,1
LF:1
LH:1
BRF:0
BRH:0
end_of_record
TN:
SF:assets\mask-group7.png
FNF:0
FNH:0
DA:1,1
LF:1
LH:1
BRF:0
BRH:0
end_of_record
TN:
SF:assets\mask-group8.png
FNF:0
FNH:0
DA:1,1
LF:1
LH:1
BRF:0
BRH:0
end_of_record
TN:
SF:assets\mask-group9.png
FNF:0
FNH:0
DA:1,1
LF:1
LH:1
BRF:0
BRH:0
end_of_record
TN:
SF:assets\ui-iconlistfilled.png
FNF:0
FNH:0
DA:1,6
LF:1
LH:1
BRF:0
BRH:0
end_of_record
TN:
SF:screens\CarpentrySubcategory.js
FN:16,(anonymous_0)
FN:62,(anonymous_1)
FN:103,(anonymous_2)
FN:144,(anonymous_3)
FNF:4
FNH:4
FNDA:5,(anonymous_0)
FNDA:1,(anonymous_1)
FNDA:1,(anonymous_2)
FNDA:1,(anonymous_3)
DA:16,1
DA:17,5
DA:19,5
DA:63,1
DA:104,1
DA:145,1
DA:185,1
LF:7
LH:7
BRF:0
BRH:0
end_of_record
TN:
SF:screens\CleaningSubcategory.js
FN:16,(anonymous_0)
FN:59,(anonymous_1)
FN:102,(anonymous_2)
FN:143,(anonymous_3)
FN:186,(anonymous_4)
FNF:5
FNH:5
FNDA:6,(anonymous_0)
FNDA:1,(anonymous_1)
FNDA:1,(anonymous_2)
FNDA:1,(anonymous_3)
FNDA:1,(anonymous_4)
DA:16,1
DA:17,6
DA:19,6
DA:60,1
DA:102,1
DA:144,1
DA:186,1
DA:229,1
LF:8
LH:8
BRF:0
BRH:0
end_of_record
TN:
SF:screens\ElectricalSubcategory.js
FN:16,(anonymous_0)
FN:62,(anonymous_1)
FN:105,(anonymous_2)
FNF:3
FNH:3
FNDA:4,(anonymous_0)
FNDA:1,(anonymous_1)
FNDA:1,(anonymous_2)
DA:16,1
DA:17,4
DA:19,4
DA:63,1
DA:106,1
DA:148,1
LF:6
LH:6
BRF:0
BRH:0
end_of_record
TN:
SF:screens\GardeningSubcategory.js
FN:16,(anonymous_0)
FN:59,(anonymous_1)
FN:102,(anonymous_2)
FN:145,(anonymous_3)
FN:188,(anonymous_4)
FNF:5
FNH:5
FNDA:6,(anonymous_0)
FNDA:1,(anonymous_1)
FNDA:1,(anonymous_2)
FNDA:1,(anonymous_3)
FNDA:1,(anonymous_4)
DA:16,1
DA:17,6
DA:19,6
DA:60,1
DA:103,1
DA:146,1
DA:188,1
DA:229,1
LF:8
LH:8
BRF:0
BRH:0
end_of_record
TN:
SF:screens\PetCareSubcategory.js
FN:16,(anonymous_0)
FN:59,(anonymous_1)
FN:100,(anonymous_2)
FN:139,(anonymous_3)
FNF:4
FNH:4
FNDA:5,(anonymous_0)
FNDA:1,(anonymous_1)
FNDA:1,(anonymous_2)
FNDA:1,(anonymous_3)
DA:16,1
DA:17,5
DA:19,5
DA:60,1
DA:100,1
DA:139,1
DA:178,1
LF:7
LH:7
BRF:0
BRH:0
end_of_record
TN:
SF:screens\PlumbingSubcategory.js
FN:16,(anonymous_0)
FN:62,(anonymous_1)
FN:103,(anonymous_2)
FNF:3
FNH:3
FNDA:4,(anonymous_0)
FNDA:1,(anonymous_1)
FNDA:1,(anonymous_2)
DA:16,1
DA:17,4
DA:19,4
DA:63,1
DA:104,1
DA:144,1
LF:6
LH:6
BRF:0
BRH:0
end_of_record
TN:
SF:screens\SignIn.js
FN:21,(anonymous_0)
FN:29,(anonymous_1)
FN:37,(anonymous_2)
FN:40,(anonymous_3)
FN:90,(anonymous_4)
FN:145,(anonymous_5)
FN:169,(anonymous_6)
FN:192,(anonymous_7)
FN:221,(anonymous_8)
FNF:9
FNH:6
FNDA:18,(anonymous_0)
FNDA:0,(anonymous_1)
FNDA:3,(anonymous_2)
FNDA:1,(anonymous_3)
FNDA:2,(anonymous_4)
FNDA:5,(anonymous_5)
FNDA:3,(anonymous_6)
FNDA:0,(anonymous_7)
FNDA:0,(anonymous_8)
DA:21,1
DA:22,18
DA:23,18
DA:24,18
DA:25,18
DA:27,18
DA:29,18
DA:30,0
DA:33,18
DA:37,18
DA:39,3
DA:44,1
DA:45,1
DA:46,1
DA:48,1
DA:50,1
DA:51,1
DA:52,1
DA:53,1
DA:55,1
DA:56,1
DA:63,1
DA:64,1
DA:65,1
DA:67,1
DA:72,0
DA:81,1
DA:92,2
DA:93,2
DA:95,2
DA:104,18
DA:145,5
DA:169,3
DA:193,0
DA:221,0
DA:243,1
LF:36
LH:32
BRDA:33,0,0,0
BRDA:33,0,1,18
BRDA:52,1,0,1
BRDA:52,1,1,0
BRF:4
BRH:2
end_of_record
TN:
SF:screens\Splash.js
FN:8,(anonymous_0)
FNF:1
FNH:1
FNDA:3,(anonymous_0)
DA:6,1
DA:8,1
DA:9,3
DA:25,1
LF:4
LH:4
BRF:0
BRH:0
end_of_record
